{"D:\\Proyectos VSC\\RoamingRengerApi\\app.js": {"path":"D:\\Proyectos VSC\\RoamingRengerApi\\app.js","statementMap":{"0":{"start":{"line":1,"column":0},"end":{"line":1,"column":27}},"1":{"start":{"line":2,"column":16},"end":{"line":2,"column":34}},"2":{"start":{"line":3,"column":17},"end":{"line":3,"column":36}},"3":{"start":{"line":4,"column":15},"end":{"line":4,"column":34}},"4":{"start":{"line":6,"column":12},"end":{"line":6,"column":21}},"5":{"start":{"line":7,"column":13},"end":{"line":7,"column":37}},"6":{"start":{"line":9,"column":0},"end":{"line":12,"column":3}},"7":{"start":{"line":14,"column":11},"end":{"line":14,"column":30}},"8":{"start":{"line":16,"column":0},"end":{"line":16,"column":79}},"9":{"start":{"line":17,"column":0},"end":{"line":19,"column":3}},"10":{"start":{"line":18,"column":2},"end":{"line":18,"column":47}},"11":{"start":{"line":21,"column":0},"end":{"line":21,"column":24}},"12":{"start":{"line":23,"column":0},"end":{"line":23,"column":21}},"13":{"start":{"line":25,"column":0},"end":{"line":27,"column":3}},"14":{"start":{"line":26,"column":2},"end":{"line":26,"column":67}},"15":{"start":{"line":29,"column":0},"end":{"line":29,"column":21}}},"fnMap":{"0":{"name":"(anonymous_0)","decl":{"start":{"line":17,"column":16},"end":{"line":17,"column":17}},"loc":{"start":{"line":17,"column":22},"end":{"line":19,"column":1}},"line":17},"1":{"name":"(anonymous_1)","decl":{"start":{"line":25,"column":17},"end":{"line":25,"column":18}},"loc":{"start":{"line":25,"column":23},"end":{"line":27,"column":1}},"line":25}},"branchMap":{"0":{"loc":{"start":{"line":7,"column":13},"end":{"line":7,"column":37}},"type":"binary-expr","locations":[{"start":{"line":7,"column":13},"end":{"line":7,"column":29}},{"start":{"line":7,"column":33},"end":{"line":7,"column":37}}],"line":7}},"s":{"0":1,"1":1,"2":1,"3":1,"4":1,"5":1,"6":1,"7":1,"8":1,"9":1,"10":1,"11":1,"12":1,"13":1,"14":1,"15":1},"f":{"0":1,"1":1},"b":{"0":[1,1]},"_coverageSchema":"1a1c01bbd47fc00a2c39e90264f33305004495a9","hash":"e72ce7b91737d20f0338e2286e45d814529d1a5e"}
,"D:\\Proyectos VSC\\RoamingRengerApi\\router.js": {"path":"D:\\Proyectos VSC\\RoamingRengerApi\\router.js","statementMap":{"0":{"start":{"line":1,"column":16},"end":{"line":1,"column":34}},"1":{"start":{"line":2,"column":15},"end":{"line":2,"column":31}},"2":{"start":{"line":3,"column":23},"end":{"line":3,"column":59}},"3":{"start":{"line":6,"column":36},"end":{"line":6,"column":88}},"4":{"start":{"line":7,"column":23},"end":{"line":7,"column":62}},"5":{"start":{"line":10,"column":0},"end":{"line":10,"column":115}},"6":{"start":{"line":11,"column":0},"end":{"line":11,"column":119}},"7":{"start":{"line":12,"column":0},"end":{"line":12,"column":116}},"8":{"start":{"line":13,"column":0},"end":{"line":13,"column":118}},"9":{"start":{"line":14,"column":0},"end":{"line":14,"column":121}},"10":{"start":{"line":17,"column":0},"end":{"line":17,"column":51}},"11":{"start":{"line":18,"column":0},"end":{"line":18,"column":44}},"12":{"start":{"line":19,"column":0},"end":{"line":19,"column":46}},"13":{"start":{"line":22,"column":0},"end":{"line":22,"column":24}}},"fnMap":{},"branchMap":{},"s":{"0":1,"1":1,"2":1,"3":1,"4":1,"5":1,"6":1,"7":1,"8":1,"9":1,"10":1,"11":1,"12":1,"13":1},"f":{},"b":{},"_coverageSchema":"1a1c01bbd47fc00a2c39e90264f33305004495a9","hash":"f1026b5fd98f0f0402bea20fe8990176d0f55e66"}
,"D:\\Proyectos VSC\\RoamingRengerApi\\controllers\\touristAttractionController.js": {"path":"D:\\Proyectos VSC\\RoamingRengerApi\\controllers\\touristAttractionController.js","statementMap":{"0":{"start":{"line":1,"column":26},"end":{"line":1,"column":64}},"1":{"start":{"line":4,"column":0},"end":{"line":11,"column":2}},"2":{"start":{"line":5,"column":2},"end":{"line":10,"column":3}},"3":{"start":{"line":6,"column":24},"end":{"line":6,"column":54}},"4":{"start":{"line":7,"column":4},"end":{"line":7,"column":26}},"5":{"start":{"line":9,"column":4},"end":{"line":9,"column":53}},"6":{"start":{"line":14,"column":0},"end":{"line":22,"column":1}},"7":{"start":{"line":15,"column":2},"end":{"line":21,"column":3}},"8":{"start":{"line":16,"column":29},"end":{"line":16,"column":60}},"9":{"start":{"line":17,"column":26},"end":{"line":17,"column":55}},"10":{"start":{"line":18,"column":4},"end":{"line":18,"column":40}},"11":{"start":{"line":20,"column":4},"end":{"line":20,"column":51}},"12":{"start":{"line":25,"column":0},"end":{"line":35,"column":1}},"13":{"start":{"line":26,"column":2},"end":{"line":34,"column":3}},"14":{"start":{"line":27,"column":30},"end":{"line":30,"column":6}},"15":{"start":{"line":31,"column":4},"end":{"line":31,"column":44}},"16":{"start":{"line":33,"column":4},"end":{"line":33,"column":51}},"17":{"start":{"line":38,"column":0},"end":{"line":45,"column":1}},"18":{"start":{"line":39,"column":2},"end":{"line":44,"column":3}},"19":{"start":{"line":40,"column":30},"end":{"line":40,"column":86}},"20":{"start":{"line":41,"column":4},"end":{"line":41,"column":61}},"21":{"start":{"line":43,"column":4},"end":{"line":43,"column":50}},"22":{"start":{"line":49,"column":0},"end":{"line":56,"column":1}},"23":{"start":{"line":50,"column":2},"end":{"line":55,"column":3}},"24":{"start":{"line":51,"column":23},"end":{"line":51,"column":70}},"25":{"start":{"line":52,"column":4},"end":{"line":52,"column":37}},"26":{"start":{"line":54,"column":4},"end":{"line":54,"column":50}}},"fnMap":{"0":{"name":"(anonymous_0)","decl":{"start":{"line":4,"column":28},"end":{"line":4,"column":29}},"loc":{"start":{"line":4,"column":48},"end":{"line":11,"column":1}},"line":4},"1":{"name":"(anonymous_1)","decl":{"start":{"line":14,"column":28},"end":{"line":14,"column":29}},"loc":{"start":{"line":14,"column":48},"end":{"line":22,"column":1}},"line":14},"2":{"name":"(anonymous_2)","decl":{"start":{"line":25,"column":28},"end":{"line":25,"column":29}},"loc":{"start":{"line":25,"column":47},"end":{"line":35,"column":1}},"line":25},"3":{"name":"(anonymous_3)","decl":{"start":{"line":38,"column":28},"end":{"line":38,"column":29}},"loc":{"start":{"line":38,"column":47},"end":{"line":45,"column":1}},"line":38},"4":{"name":"(anonymous_4)","decl":{"start":{"line":49,"column":29},"end":{"line":49,"column":30}},"loc":{"start":{"line":49,"column":48},"end":{"line":56,"column":1}},"line":49}},"branchMap":{},"s":{"0":1,"1":1,"2":2,"3":2,"4":1,"5":1,"6":1,"7":5,"8":5,"9":5,"10":1,"11":4,"12":1,"13":2,"14":2,"15":1,"16":1,"17":1,"18":2,"19":2,"20":1,"21":1,"22":1,"23":2,"24":2,"25":1,"26":1},"f":{"0":2,"1":5,"2":2,"3":2,"4":2},"b":{},"_coverageSchema":"1a1c01bbd47fc00a2c39e90264f33305004495a9","hash":"692c5310c5696c138506d5702b87159d5680f475"}
,"D:\\Proyectos VSC\\RoamingRengerApi\\controllers\\userController.js": {"path":"D:\\Proyectos VSC\\RoamingRengerApi\\controllers\\userController.js","statementMap":{"0":{"start":{"line":1,"column":13},"end":{"line":1,"column":38}},"1":{"start":{"line":2,"column":15},"end":{"line":2,"column":32}},"2":{"start":{"line":3,"column":17},"end":{"line":3,"column":35}},"3":{"start":{"line":4,"column":12},"end":{"line":4,"column":35}},"4":{"start":{"line":6,"column":19},"end":{"line":6,"column":41}},"5":{"start":{"line":10,"column":0},"end":{"line":28,"column":1}},"6":{"start":{"line":11,"column":4},"end":{"line":27,"column":5}},"7":{"start":{"line":12,"column":37},"end":{"line":12,"column":45}},"8":{"start":{"line":13,"column":8},"end":{"line":13,"column":56}},"9":{"start":{"line":15,"column":27},"end":{"line":15,"column":68}},"10":{"start":{"line":17,"column":8},"end":{"line":19,"column":9}},"11":{"start":{"line":18,"column":12},"end":{"line":18,"column":78}},"12":{"start":{"line":21,"column":31},"end":{"line":21,"column":62}},"13":{"start":{"line":22,"column":24},"end":{"line":22,"column":62}},"14":{"start":{"line":23,"column":8},"end":{"line":23,"column":35}},"15":{"start":{"line":24,"column":8},"end":{"line":24,"column":74}},"16":{"start":{"line":26,"column":8},"end":{"line":26,"column":57}},"17":{"start":{"line":30,"column":0},"end":{"line":50,"column":1}},"18":{"start":{"line":31,"column":4},"end":{"line":49,"column":5}},"19":{"start":{"line":32,"column":37},"end":{"line":32,"column":45}},"20":{"start":{"line":33,"column":21},"end":{"line":33,"column":63}},"21":{"start":{"line":35,"column":8},"end":{"line":37,"column":9}},"22":{"start":{"line":36,"column":12},"end":{"line":36,"column":78}},"23":{"start":{"line":39,"column":8},"end":{"line":44,"column":9}},"24":{"start":{"line":40,"column":26},"end":{"line":40,"column":75}},"25":{"start":{"line":41,"column":12},"end":{"line":41,"column":39}},"26":{"start":{"line":43,"column":12},"end":{"line":43,"column":85}},"27":{"start":{"line":48,"column":8},"end":{"line":48,"column":57}},"28":{"start":{"line":52,"column":0},"end":{"line":54,"column":1}},"29":{"start":{"line":53,"column":4},"end":{"line":53,"column":53}}},"fnMap":{"0":{"name":"(anonymous_0)","decl":{"start":{"line":10,"column":19},"end":{"line":10,"column":20}},"loc":{"start":{"line":10,"column":37},"end":{"line":28,"column":1}},"line":10},"1":{"name":"(anonymous_1)","decl":{"start":{"line":30,"column":16},"end":{"line":30,"column":17}},"loc":{"start":{"line":30,"column":36},"end":{"line":50,"column":1}},"line":30},"2":{"name":"(anonymous_2)","decl":{"start":{"line":52,"column":17},"end":{"line":52,"column":18}},"loc":{"start":{"line":52,"column":35},"end":{"line":54,"column":1}},"line":52}},"branchMap":{"0":{"loc":{"start":{"line":17,"column":8},"end":{"line":19,"column":9}},"type":"if","locations":[{"start":{"line":17,"column":8},"end":{"line":19,"column":9}},{"start":{},"end":{}}],"line":17},"1":{"loc":{"start":{"line":35,"column":8},"end":{"line":37,"column":9}},"type":"if","locations":[{"start":{"line":35,"column":8},"end":{"line":37,"column":9}},{"start":{},"end":{}}],"line":35},"2":{"loc":{"start":{"line":39,"column":8},"end":{"line":44,"column":9}},"type":"if","locations":[{"start":{"line":39,"column":8},"end":{"line":44,"column":9}},{"start":{"line":42,"column":13},"end":{"line":44,"column":9}}],"line":39}},"s":{"0":1,"1":1,"2":1,"3":1,"4":1,"5":1,"6":0,"7":0,"8":0,"9":0,"10":0,"11":0,"12":0,"13":0,"14":0,"15":0,"16":0,"17":1,"18":0,"19":0,"20":0,"21":0,"22":0,"23":0,"24":0,"25":0,"26":0,"27":0,"28":1,"29":0},"f":{"0":0,"1":0,"2":0},"b":{"0":[0,0],"1":[0,0],"2":[0,0]},"_coverageSchema":"1a1c01bbd47fc00a2c39e90264f33305004495a9","hash":"7c4395a40974fb19ff66cede20a285e54b5834d5"}
,"D:\\Proyectos VSC\\RoamingRengerApi\\models\\TouristAttraction.js": {"path":"D:\\Proyectos VSC\\RoamingRengerApi\\models\\TouristAttraction.js","statementMap":{"0":{"start":{"line":1,"column":17},"end":{"line":1,"column":36}},"1":{"start":{"line":3,"column":32},"end":{"line":9,"column":2}},"2":{"start":{"line":11,"column":26},"end":{"line":11,"column":86}},"3":{"start":{"line":13,"column":0},"end":{"line":13,"column":35}}},"fnMap":{},"branchMap":{},"s":{"0":1,"1":1,"2":1,"3":1},"f":{},"b":{},"_coverageSchema":"1a1c01bbd47fc00a2c39e90264f33305004495a9","hash":"ec3a57c3ee950694e42d4b02eede688c094f6fe8"}
,"D:\\Proyectos VSC\\RoamingRengerApi\\models\\User.js": {"path":"D:\\Proyectos VSC\\RoamingRengerApi\\models\\User.js","statementMap":{"0":{"start":{"line":1,"column":17},"end":{"line":1,"column":36}},"1":{"start":{"line":3,"column":19},"end":{"line":7,"column":2}},"2":{"start":{"line":9,"column":13},"end":{"line":9,"column":47}},"3":{"start":{"line":11,"column":0},"end":{"line":11,"column":22}}},"fnMap":{},"branchMap":{},"s":{"0":1,"1":1,"2":1,"3":1},"f":{},"b":{},"_coverageSchema":"1a1c01bbd47fc00a2c39e90264f33305004495a9","hash":"e56a5d06e433908804bb4476d9fe1939988d3d90"}
,"D:\\Proyectos VSC\\RoamingRengerApi\\services\\authMiddleware.js": {"path":"D:\\Proyectos VSC\\RoamingRengerApi\\services\\authMiddleware.js","statementMap":{"0":{"start":{"line":1,"column":12},"end":{"line":1,"column":35}},"1":{"start":{"line":2,"column":19},"end":{"line":2,"column":41}},"2":{"start":{"line":4,"column":0},"end":{"line":19,"column":1}},"3":{"start":{"line":5,"column":23},"end":{"line":5,"column":51}},"4":{"start":{"line":6,"column":18},"end":{"line":6,"column":56}},"5":{"start":{"line":8,"column":4},"end":{"line":10,"column":5}},"6":{"start":{"line":9,"column":8},"end":{"line":9,"column":75}},"7":{"start":{"line":12,"column":4},"end":{"line":18,"column":7}},"8":{"start":{"line":13,"column":8},"end":{"line":15,"column":9}},"9":{"start":{"line":14,"column":12},"end":{"line":14,"column":69}},"10":{"start":{"line":16,"column":8},"end":{"line":16,"column":24}},"11":{"start":{"line":17,"column":8},"end":{"line":17,"column":15}}},"fnMap":{"0":{"name":"(anonymous_0)","decl":{"start":{"line":4,"column":28},"end":{"line":4,"column":29}},"loc":{"start":{"line":4,"column":48},"end":{"line":19,"column":1}},"line":4},"1":{"name":"(anonymous_1)","decl":{"start":{"line":12,"column":34},"end":{"line":12,"column":35}},"loc":{"start":{"line":12,"column":48},"end":{"line":18,"column":5}},"line":12}},"branchMap":{"0":{"loc":{"start":{"line":6,"column":18},"end":{"line":6,"column":56}},"type":"binary-expr","locations":[{"start":{"line":6,"column":18},"end":{"line":6,"column":28}},{"start":{"line":6,"column":32},"end":{"line":6,"column":56}}],"line":6},"1":{"loc":{"start":{"line":8,"column":4},"end":{"line":10,"column":5}},"type":"if","locations":[{"start":{"line":8,"column":4},"end":{"line":10,"column":5}},{"start":{},"end":{}}],"line":8},"2":{"loc":{"start":{"line":13,"column":8},"end":{"line":15,"column":9}},"type":"if","locations":[{"start":{"line":13,"column":8},"end":{"line":15,"column":9}},{"start":{},"end":{}}],"line":13}},"s":{"0":1,"1":1,"2":1,"3":14,"4":14,"5":14,"6":1,"7":13,"8":13,"9":0,"10":13,"11":13},"f":{"0":14,"1":13},"b":{"0":[14,13],"1":[1,13],"2":[0,13]},"_coverageSchema":"1a1c01bbd47fc00a2c39e90264f33305004495a9","hash":"ce5095cd4762ec068bef738057562c7b9f9f7e82"}
}
